
> advent-of-code-2023@2.0.2.3 2023-4:example-part-2
> ts-node 4/solution-part-2.ts example.in

Processing 6 games
Processing game 1 with 8 points
{
  round: 1,
  winningNumbers: [ 41, 48, 83, 86, 17 ],
  drawNumbers: [
    83, 86,  6, 31,
    17,  9, 48, 53
  ],
  matches: [ 48, 83, 86, 17 ],
  points: 8
}
Adding game 1 with 8 points
Adding next 4 games
Processing 9 games
Processing game 2 with 2 points
{
  round: 2,
  winningNumbers: [ 13, 32, 20, 16, 61 ],
  drawNumbers: [
    61, 30, 68, 82,
    17, 32, 24, 19
  ],
  matches: [ 32, 61 ],
  points: 2
}
Adding game 2 with 2 points
Adding next 2 games
Processing 10 games
Processing game 3 with 2 points
{
  round: 3,
  winningNumbers: [ 1, 21, 53, 59, 44 ],
  drawNumbers: [
    69, 82, 63, 72,
    16, 21, 14,  1
  ],
  matches: [ 1, 21 ],
  points: 2
}
Adding game 3 with 2 points
Adding next 2 games
Processing 11 games
Processing game 4 with 1 points
{
  round: 4,
  winningNumbers: [ 41, 92, 73, 84, 69 ],
  drawNumbers: [
    59, 84, 76, 51,
    58,  5, 54, 83
  ],
  matches: [ 84 ],
  points: 1
}
Adding game 4 with 1 points
Adding next 1 games
Processing 11 games
Processing game 5 with 0 points
{
  round: 5,
  winningNumbers: [ 87, 83, 26, 28, 32 ],
  drawNumbers: [
    88, 30, 70, 12,
    93, 22, 82, 36
  ],
  matches: [],
  points: 0
}
Adding game 5 with 0 points
Skipping game 5 because it has 0 points
Processing 10 games
Processing game 5 with 0 points
{
  round: 5,
  winningNumbers: [ 87, 83, 26, 28, 32 ],
  drawNumbers: [
    88, 30, 70, 12,
    93, 22, 82, 36
  ],
  matches: [],
  points: 0
}
Adding game 5 with 0 points
Skipping game 5 because it has 0 points
Processing 9 games
Processing game 4 with 1 points
{
  round: 4,
  winningNumbers: [ 41, 92, 73, 84, 69 ],
  drawNumbers: [
    59, 84, 76, 51,
    58,  5, 54, 83
  ],
  matches: [ 84 ],
  points: 1
}
Adding game 4 with 1 points
Adding next 1 games
Processing 9 games
Processing game 5 with 0 points
{
  round: 5,
  winningNumbers: [ 87, 83, 26, 28, 32 ],
  drawNumbers: [
    88, 30, 70, 12,
    93, 22, 82, 36
  ],
  matches: [],
  points: 0
}
Adding game 5 with 0 points
Skipping game 5 because it has 0 points
Processing 8 games
Processing game 3 with 2 points
{
  round: 3,
  winningNumbers: [ 1, 21, 53, 59, 44 ],
  drawNumbers: [
    69, 82, 63, 72,
    16, 21, 14,  1
  ],
  matches: [ 1, 21 ],
  points: 2
}
Adding game 3 with 2 points
Adding next 2 games
Processing 9 games
Processing game 4 with 1 points
{
  round: 4,
  winningNumbers: [ 41, 92, 73, 84, 69 ],
  drawNumbers: [
    59, 84, 76, 51,
    58,  5, 54, 83
  ],
  matches: [ 84 ],
  points: 1
}
Adding game 4 with 1 points
Adding next 1 games
Processing 9 games
Processing game 5 with 0 points
{
  round: 5,
  winningNumbers: [ 87, 83, 26, 28, 32 ],
  drawNumbers: [
    88, 30, 70, 12,
    93, 22, 82, 36
  ],
  matches: [],
  points: 0
}
Adding game 5 with 0 points
Skipping game 5 because it has 0 points
Processing 8 games
Processing game 5 with 0 points
{
  round: 5,
  winningNumbers: [ 87, 83, 26, 28, 32 ],
  drawNumbers: [
    88, 30, 70, 12,
    93, 22, 82, 36
  ],
  matches: [],
  points: 0
}
Adding game 5 with 0 points
Skipping game 5 because it has 0 points
Processing 7 games
Processing game 4 with 1 points
{
  round: 4,
  winningNumbers: [ 41, 92, 73, 84, 69 ],
  drawNumbers: [
    59, 84, 76, 51,
    58,  5, 54, 83
  ],
  matches: [ 84 ],
  points: 1
}
Adding game 4 with 1 points
Adding next 1 games
Processing 7 games
Processing game 5 with 0 points
{
  round: 5,
  winningNumbers: [ 87, 83, 26, 28, 32 ],
  drawNumbers: [
    88, 30, 70, 12,
    93, 22, 82, 36
  ],
  matches: [],
  points: 0
}
Adding game 5 with 0 points
Skipping game 5 because it has 0 points
Processing 6 games
Processing game 5 with 0 points
{
  round: 5,
  winningNumbers: [ 87, 83, 26, 28, 32 ],
  drawNumbers: [
    88, 30, 70, 12,
    93, 22, 82, 36
  ],
  matches: [],
  points: 0
}
Adding game 5 with 0 points
Skipping game 5 because it has 0 points
Processing 5 games
Processing game 2 with 2 points
{
  round: 2,
  winningNumbers: [ 13, 32, 20, 16, 61 ],
  drawNumbers: [
    61, 30, 68, 82,
    17, 32, 24, 19
  ],
  matches: [ 32, 61 ],
  points: 2
}
Adding game 2 with 2 points
Adding next 2 games
Processing 6 games
Processing game 3 with 2 points
{
  round: 3,
  winningNumbers: [ 1, 21, 53, 59, 44 ],
  drawNumbers: [
    69, 82, 63, 72,
    16, 21, 14,  1
  ],
  matches: [ 1, 21 ],
  points: 2
}
Adding game 3 with 2 points
Adding next 2 games
Processing 7 games
Processing game 4 with 1 points
{
  round: 4,
  winningNumbers: [ 41, 92, 73, 84, 69 ],
  drawNumbers: [
    59, 84, 76, 51,
    58,  5, 54, 83
  ],
  matches: [ 84 ],
  points: 1
}
Adding game 4 with 1 points
Adding next 1 games
Processing 7 games
Processing game 5 with 0 points
{
  round: 5,
  winningNumbers: [ 87, 83, 26, 28, 32 ],
  drawNumbers: [
    88, 30, 70, 12,
    93, 22, 82, 36
  ],
  matches: [],
  points: 0
}
Adding game 5 with 0 points
Skipping game 5 because it has 0 points
Processing 6 games
Processing game 5 with 0 points
{
  round: 5,
  winningNumbers: [ 87, 83, 26, 28, 32 ],
  drawNumbers: [
    88, 30, 70, 12,
    93, 22, 82, 36
  ],
  matches: [],
  points: 0
}
Adding game 5 with 0 points
Skipping game 5 because it has 0 points
Processing 5 games
Processing game 4 with 1 points
{
  round: 4,
  winningNumbers: [ 41, 92, 73, 84, 69 ],
  drawNumbers: [
    59, 84, 76, 51,
    58,  5, 54, 83
  ],
  matches: [ 84 ],
  points: 1
}
Adding game 4 with 1 points
Adding next 1 games
Processing 5 games
Processing game 5 with 0 points
{
  round: 5,
  winningNumbers: [ 87, 83, 26, 28, 32 ],
  drawNumbers: [
    88, 30, 70, 12,
    93, 22, 82, 36
  ],
  matches: [],
  points: 0
}
Adding game 5 with 0 points
Skipping game 5 because it has 0 points
Processing 4 games
Processing game 3 with 2 points
{
  round: 3,
  winningNumbers: [ 1, 21, 53, 59, 44 ],
  drawNumbers: [
    69, 82, 63, 72,
    16, 21, 14,  1
  ],
  matches: [ 1, 21 ],
  points: 2
}
Adding game 3 with 2 points
Adding next 2 games
Processing 5 games
Processing game 4 with 1 points
{
  round: 4,
  winningNumbers: [ 41, 92, 73, 84, 69 ],
  drawNumbers: [
    59, 84, 76, 51,
    58,  5, 54, 83
  ],
  matches: [ 84 ],
  points: 1
}
Adding game 4 with 1 points
Adding next 1 games
Processing 5 games
Processing game 5 with 0 points
{
  round: 5,
  winningNumbers: [ 87, 83, 26, 28, 32 ],
  drawNumbers: [
    88, 30, 70, 12,
    93, 22, 82, 36
  ],
  matches: [],
  points: 0
}
Adding game 5 with 0 points
Skipping game 5 because it has 0 points
Processing 4 games
Processing game 5 with 0 points
{
  round: 5,
  winningNumbers: [ 87, 83, 26, 28, 32 ],
  drawNumbers: [
    88, 30, 70, 12,
    93, 22, 82, 36
  ],
  matches: [],
  points: 0
}
Adding game 5 with 0 points
Skipping game 5 because it has 0 points
Processing 3 games
Processing game 4 with 1 points
{
  round: 4,
  winningNumbers: [ 41, 92, 73, 84, 69 ],
  drawNumbers: [
    59, 84, 76, 51,
    58,  5, 54, 83
  ],
  matches: [ 84 ],
  points: 1
}
Adding game 4 with 1 points
Adding next 1 games
Processing 3 games
Processing game 5 with 0 points
{
  round: 5,
  winningNumbers: [ 87, 83, 26, 28, 32 ],
  drawNumbers: [
    88, 30, 70, 12,
    93, 22, 82, 36
  ],
  matches: [],
  points: 0
}
Adding game 5 with 0 points
Skipping game 5 because it has 0 points
Processing 2 games
Processing game 5 with 0 points
{
  round: 5,
  winningNumbers: [ 87, 83, 26, 28, 32 ],
  drawNumbers: [
    88, 30, 70, 12,
    93, 22, 82, 36
  ],
  matches: [],
  points: 0
}
Adding game 5 with 0 points
Skipping game 5 because it has 0 points
Processing 1 games
Processing game 6 with 0 points
{
  round: 6,
  winningNumbers: [ 31, 18, 13, 56, 72 ],
  drawNumbers: [
    74, 77, 10, 23,
    35, 67, 36, 11
  ],
  matches: [],
  points: 0
}
Adding game 6 with 0 points
Skipping game 6 because it has 0 points
30
