
> advent-of-code-2023@2.0.2.3 2023-10:puzzle-part-2
> node --stack-size=8000 -r ts-node/register 10/solution-part-2.ts puzzle.in

Final map:
OOOOOOOOOOOOOOOOOOOOOOOOOOOOOOOOOOOOOOOOOOOOOOOOOOOOOOOOOOOOOOOOOOOOOOOOOOOOOOOOOOOOOOOOOOOOOOOOOOOOOOOOOOOOOOOOOOOOOOOOOOOOOOOOOOOOOOOOOOOO
OOOOOOOOOOOOOOOOOOOOOOOOOOOOOOOOOOOOOOOOOOOOOOOOOOOOOOOOOOOOOOOOOOOOOOOOOOOOOOOOOOOOOOOOOOOOOOOOOOOOOOOOOOOOOOOOOOOOOOOOOOOOOOOOOOOOOOOOOOOO
OOOOOOOOOOOOOOOOOOOOOOOOOOOOOOOOOOOOOOOOOOOOOOOOOOOOOOOOOOOOOOOOOOOOOOOOOOOOOOOOOOOOOOOOOOOOOOOOOOOOOOOOOOOOOOOOOOOOOOOOOOOOOOOOOOOOOOOOOOOO
OOOOOOOOOOOOOOOOOOOOOOOOOOOOOOOOOOOOOOOOOOOOO┌┐OOOOOOOOOOOOOOOOOOOOOOOOOOOOOOOOOOOOOOOOOOOOOOOOOOOOOOOOOOOOOOOOOOOOOOOOOOOOOOOOOOOOOOOOOOOOO
OOOOOOOOOOOOOOOOOOOOOOOOOOOOOOOOOOOOOOOOOOOOO││O┌┐┌┐OOOOOO┌┐OOOOOOOOOOOOOOOOOOOOOOOOOOOOOOOOOOOOOOOOOOOOOOOOOOOOOOOOOOOOOOOOOOOOOOOOOOOOOOOO
OOOOOOOOOOOOOOOOOOOOOOOOOOOOOOOOOOOOOOOOOOOOO││┌┘└┘└─┐OO┌┐││OOOOOOOOOOOOOOOOOOOOOOOOOOOOOOOOOOOOOOOOOOOOOOOOOOOOOOOOOOOOOOOOOOOOOOOOOOOOOOOO
OOOOOOOOOOOOOOOOOOOOOOOOOOOOOOOOOOOOOOOOOOO┌─┘││┌────┘O┌┘└┘│┌┐OOOOOOOOOOOOOOOOOOOOOOOOOOOOOOOOOOOOOOOOOOOOOOOOOOOOOOOOOOOOOOOOOOOOOOOOOOOOOO
OOOOOOOOOOOOOOOOOOOOOOOOOOOOOOOOOOOOOOOOOOO└─┐└┘│┌┐OOOO└──┐└┘└─┐OOO┌┐OOOOOOOOOOOOOOOOOOOOOOO┌┐┌──┐OOOOOOOOOOOOOOOOOOOOOOOOOOOOOOOOOOOOOOOOOO
OOOOOOOOOOOOOOOOOOOOOOOOOOOOOOOOOOOOOOOOOOOOO└─┐││└┐O┌────┘┌───┘O┌┐││OOOOOOOOOOOOOOO┌─┐OOOO┌┘││┌─┘OOOOOOOOOOOOOOOOOOOOOOOOOOOOOOOOOOOOOOOOOO
OOOOOOOOOOOOOOOOOOOOOOOOOOOOOOOOOOOOO┌─┐OOO┌──┐│││┌┘O└────┐└┐┌┐O┌┘└┘└┐OOOOO┌┐OOOOOOO│┌┘┌┐┌┐└┐││└─┐OOOOOOOO┌┐OOOOOOOOOOOOOOOOOOOOOOOOOOOOOOOO
OOOOOOOOOOOOOOOOOOOOOOOOOOOOOOOOOOOOO└┐└┐┌┐└─┐└┘└┘└┐┌┐O┌──┘┌┘││┌┘┌───┘OOOOO││OO┌──┐┌┘│O││││┌┘││┌─┘┌┐┌──┐┌─┘│┌┐OOOOOOOOOOOOOOOOOOOOOOOOOOOOOO
OOOOOOOOOOOOOOOOOOOOOOOOOOOOOOOOOOOO┌┐└┐│││┌┐└┐┌┐┌┐││└┐└──┐└┐││└┐│┌────┐O┌┐││O┌┘┌─┘└┐│┌┘└┘│└┐││└─┐││└─┐│└─┐└┘│OOOOOOOOOOOO┌─┐OOOOOOOOOOOOOOO
OOOOOOOOOOOOOOOOOOOOOOOOOOOOOOOOOO┌┐││┌┘│││││┌┘│└┘│││┌┘┌┐┌┘┌┘│└┐│└┘┌───┘O│└┘└┐└┐└┐┌┐││└─┐┌┘O│└┘┌┐└┘│┌─┘└─┐│┌─┘┌─┐OOOOOOOOO│┌┘OOOOOOOOOOOOOOO
OOOOOOOOOOOOOOOOOOOOOOOOOOOOOOOOOO│└┘└┘┌┘││││└─┘┌┐│└┘└┐││└┐└┐└┐││┌─┘┌┐┌─┐│┌─┐└─┘┌┘│││└┐O││┌┐└┐┌┘│┌─┘└─┐┌─┘││O┌┘┌┘OOOOOOOOO│└┐┌┐┌┐OOOOOOOOOOO
OOOOOOOOOOOOOOOOOOOOOOOOOOOOOOO┌─┐└───┐└┐│││└┐┌┐││└─┐┌┘││O│┌┘┌┘│││O┌┘└┘┌┘││O│┌──┘┌┘└┘┌┘┌┘│││┌┘└┐└┘┌┐┌┐│└┐┌┘└┐└┐└─┐OOOOOO┌┐│┌┘│└┘│OOOOOOOOOOO
OOOOOOOOOOOOOOOOOOOOOOOOOOOOOOO└┐└┐┌─┐└┐│││└┐└┘└┘└┐O│└┐││┌┘└┐└┐└┘└┐│┌──┘O└┘┌┘└┐┌┐└──┐└─┘┌┘││└─┐└┐┌┘└┘││┌┘└┐┌┘┌┘┌─┘OOOO┌┐│└┘│┌┘┌─┘OOOOOOOOOOO
OOOOOOOOOOOOOOOOOOOOOOOOOOOOOOOO└┐││┌┘O││││O└┐┌──┐└┐│┌┘││└─┐│O│┌──┘││┌┐O┌┐┌┘┌┐└┘└┐┌┐│┌─┐└─┘└┐┌┘┌┘└──┐││└┐┌┘└┐└┐│┌┐OOO┌┘└┘┌┐││┌┘┌──┐OOOOOOOOO
OOOOOOOOOOOOOOOOOOOOOOOOOOOOOOO┌─┘└┘└┐┌┘││└┐┌┘│┌─┘┌┘││┌┘│┌─┘└─┘└┐┌┐│└┘└┐││└─┘│┌─┐│││└┘O└┐┌──┘└┐│O┌┐┌┘││┌┘└─┐└┐│││└┐OO└──┐││└┘└─┘┌─┘OOOOOOOOO
OOOOOOOOOOOOOOOOOOOOOOOOOOOOOOO└────┐│└┐│└┐└┘┌┘└─┐│O│└┘┌┘│┌┐┌─┐┌┘││└──┐│││┌┐O│└┐└┘││┌┐┌┐│└┐┌┐┌┘└─┘│└┐│││┌┐┌┘┌┘│││┌┘OOO┌┐└┘└─┐┌──┘OOOOOOOOOOO
OOOOOOOOOOOOOOOOOOOOOOOOOOOO┌┐OO┌─┐O││┌┘└┐└──┘┌─┐│└┐│┌┐└┐└┘└┘┌┘└─┘└┐O┌┘└┘└┘│┌┘┌┘┌─┘││││└┘┌┘│└┘┌───┘┌┘│││││└┐│O│└┘└┐OOO││┌─┐O││OOOOOOOOOOOOOO
OOOOOOOOOOOOOOOOOOOOOOOOOOO┌┘└─┐│┌┘┌┘││┌─┘┌┐┌┐└┐│└┐│││└─┘┌─┐O└──┐┌─┘┌┘┌┐┌──┘└┐│O│┌─┘││└─┐└┐└─┐│┌──┐└┐││└┘└┐│└┐└──┐│O┌┐││└┐│┌┘└┐OOO┌┐OOOOOOOO
OOOOOOOOOOOOOOOOOOOOOOOOOOO└──┐││└┐└┐└┘└┐O││││┌┘│┌┘└┘└┐┌┐└┐│┌───┘└┐┌┘┌┘│└┐O┌┐│└┐│└┐┌┘│┌┐└┐└──┘││┌─┘┌┘││┌──┘│┌┘O┌┐││┌┘│││┌┘│└┐┌┘OO┌┘│OOOOOOOO
OOOOOOOOOOOOOOOOOOOOOOOOOOO┌──┘││┌┘O└─┐┌┘┌┘│││└┐│└─┐┌─┘││┌┘│└──┐┌┐││┌┘O└┐│┌┘└┘┌┘│┌┘└┐└┘└┐└─┐┌─┘│└┐┌┘┌┘││┌┐┌┘│O┌┘│││└┐│││└┐│┌┘└─┐O└┐└─┐OOOOOO
OOOOOOOOOOOOOOOOOOOOOOO┌┐┌┐└──┐└┘└─┐O┌┘└┐└┐└┘│O││┌┐││┌┐│││┌┘O┌┐└┘│└┘└┐┌┐└┘└┐┌┐└┐│└──┘┌──┘┌─┘└─┐└┐│└┐│O││││└┐└┐│┌┘││┌┘└┘│┌┘│└┐┌─┘┌┐│┌─┘OOOOOO
OOOOOOOOOOOOOOOOOOOOO┌─┘└┘│OOO└──┐┌┘┌┘┌─┘O└┐┌┘┌┘└┘└┘└┘└┘││└─┐││┌─┘┌─┐└┘└──┐││└┐│└┐┌─┐└┐┌┐└─┐┌─┘┌┘│┌┘│┌┘└┘│┌┘┌┘││┌┘│└──┐│└┐│┌┘└──┘└┘└──┐OOOOO
OOOOOOOOOOOOOOOOOO┌┐O└──┐┌┘┌┐┌┐┌┐│└┐│┌┘┌┐┌┐│└┐│┌┐┌────┐┌┘│┌─┘││└─┐└┐└─────┘└┘O││O└┘┌┘┌┘││O┌┘└┐┌┘┌┘└┐└┘┌──┘│┌┘┌┘││┌┘┌┐┌┘│┌┘││┌───┐┌─┐┌─┘OOOOO
OOOOOOOOOOOOOOOOOO││┌┐OO││┌┘││└┘│└┐││└┐││││└┐│││││┌──┐││O│└─┐││┌┐│┌┘┌──┐┌──┐┌─┘└┐O┌┘┌┘┌┘└┐│┌┐│└┐│┌─┘┌┐└┐O┌┘└┐│┌┘│└┐│││┌┘└┐└┘│O┌┐└┘O└┘OOOOOOO
OOOOOOOOOOOOOOOOOO│└┘│┌┐││└┐│└─┐│O│└┘┌┘│└┘│┌┘│││└┘└─┐││└┐│┌─┘│└┘││└┐│┌─┘└─┐│└──┐│┌┘┌┘┌┘┌─┘└┘││┌┘│└┐┌┘└─┘┌┘┌┐└┘└┐│┌┘││││OO│┌─┘┌┘└┐┌┐┌┐OOOOOOO
OOOOOOOOOOOOOOOOOO│┌┐└┘└┘│┌┘│┌┐│└─┘┌┐└─┘┌─┘└┐│└┘┌┐┌─┘└┘┌┘│└┐O└─┐│└┐││└──┐┌┘└───┘└┘┌┘O└┐│O┌┐O││└┐│┌┘└┐┌┐O└─┘└┐┌─┘│└─┘└┘└┐┌┘└──┘┌┐││└┘└─┐OOOOO
OOOOOOOOOOOOOOOOOO└┘└───┐│└┐│││└───┘│┌─┐└┐┌─┘│┌─┘│└───┐│┌┘┌┘┌┐┌┘│┌┘└┘┌──┘└┐┌─────┐└─┐┌┘└┐│└┐││O││└─┐└┘└┐┌┐┌┐││┌─┘┌─────┘│┌─┐┌┐│└┘│┌┐┌─┘OOOOO
OOOOOOOOOOOOOOOOOO┌─┐┌┐O││O││││O┌┐┌─┘│O│┌┘└─┐│└┐┌┘┌───┘│└┐│O│││┌┘└──┐└┐O┌┐└┘┌┐┌─┐│┌┐││┌┐││┌┘│└┐││┌┐└┐┌─┘│││││└┘┌┐│┌─────┘└┐│││└──┘││└┐OOOOOO
OOOOOOOOOOOOOOOOOO└┐└┘│┌┘│┌┘└┘└┐│││┌┐└┐└┘┌┐┌┘└┐│└┐└───┐└┐││┌┘│││┌┐┌┐└┐└┐│└┐┌┘│└┐└┘│└┘││└┘││O└┐└┘││└┐│└──┘││││┌─┘└┘└────┐┌─┘└┘└─┐┌┐│└┐└┐OOOOO
OOOOOOOOOOOOO┌──┐OO│┌┐│└┐└┘┌──┐│││└┘└┐│┌┐││└─┐││┌┘┌┐┌┐└┐│││└┐│││││││O└┐││┌┘└┐│O└┐┌┘┌┐││┌┐││┌┐└┐┌┘└┐││┌───┘│││└┐┌┐┌┐O┌──┘└───┐┌┐└┘└┘O└┐│OOOOO
OOOOOOOOOOOOO│┌─┘┌┐└┘│└┐└──┘┌┐│││└┐┌┐││││││┌─┘││└┐│└┘└┐││││┌┘││││└┘└┐┌┘││└┐┌┘│┌┐│└┐│││││└┘│││┌┘│┌┐│││└┐┌┐┌┘└┘┌┘│└┘└┐└─┐┌────┘│└┐┌┐OOO││OOOOO
OOOOOOOOOOO┌─┘└─┐││┌┐└┐└────┘└┘└┘┌┘││││││││└┐┌┘│┌┘└─┐┌┘││││└┐││││┌──┘└┐││┌┘│┌┘│││┌┘││││└┐┌┘│││┌┘│││││┌┘│││┌──┘┌┘┌──┘O┌┘└────┐│┌┘││OOO└┘OOOOO
OOOOOOOOO┌─┘┌┐┌┐└┘└┘│O└─────────┐│┌┘│││││││┌┘│┌┘│┌┐┌┘│┌┘││└┐│││││└┐┌┐┌┘││└┐││┌┘││└┐│││└┐│└┐││││┌┘││└┘└┐│└┘└──┐└┐│O┌┐┌┘┌──┐┌─┘│└─┘└┐┌┐OOOOOOO
OOOOOOOOO└┐┌┘│││┌──┐└─┐┌┐┌────┐O││└┐││││││└┘┌┘│I└┘│└┐│└┐││┌┘││││└┐││││I││┌┘│││┌┘│┌┘││└┐└┘I└┘│││└┐└┘┌──┘│┌────┘┌┘└─┘│└┐│┌┐└┘O┌┘┌─┐┌┘│└┐OOOOOO
OOOOOOOOOO└┘O└┘└┘┌─┘┌┐└┘│└───┐└─┘└─┘└┘│││└─┐└┐└┐┌─┘┌┘└┐││││┌┘│││┌┘││└┘┌┘│└┐│└┘└┐││┌┘└┐└─┐I┌─┘│└┐└─┐└┐┌─┘└────┐└┐┌──┘┌┘└┘└───┘┌┘┌┘└─┘┌┘OOO┌─┐
OOOOOOOOOO┌───┐┌┐└┐┌┘└┐┌┘┌┐┌┐└───────┐││└┐┌┘┌┘┌┘└┐┌┘I┌┘││││└┐└┘││I└┘┌┐│┌┘┌┘│┌──┘│││┌┐└─┐└┐└─┐│┌┘┌─┘I││┌┐┌────┘┌┘└───┘┌──┐┌───┘O└─┐┌─┘┌┐OO│┌┘
OOOOOOOOOO└──┐└┘└┐└┘O┌┘│┌┘│││O┌┐O┌───┘└┘┌┘└┐└┐│┌─┘└┐┌┘┌┘│││┌┘┌─┘└─┐I││││I└┐││┌──┘│└┘└─┐│┌┘┌─┘│└┐└┐┌┐└┘││└─────┘┌─┐┌┐┌┘┌┐│└──┐┌┐┌┐└┘┌─┘│O┌┘└┐
OOOOOOOOOOOO┌┘┌─┐└┐┌┐└┐│└┐└┘└─┘└┐└────┐I└─┐└┐│││┌─┐│└┐│┌┘│└┘I└─┐┌┐└─┘│││┌─┘│││┌──┘┌─┐┌┘└┘┌┘┌┐└┐│┌┘│└──┘└┐┌┐┌───┘┌┘││└─┘│└──┐││└┘│┌┐│┌─┘┌┘┌─┘
OOOOOOOOOOOO└┐└┐└┐└┘│┌┘└┐└─────┐└─────┘┌┐I│┌┘││└┘┌┘└┐││└┐└──┐┌─┘│└┐┌┐│└┘└─┐│└┘└┐┌┐│┌┘└─┐I└─┘└┐│└┘┌┘┌┐┌─┐│││└─┐┌┐└─┘└┐┌┐└─┐┌┘└┘┌─┘││││┌─┘┌┘OO
OOOOOOO┌┐OOOO└─┘O└─┐│└─┐│┌┐┌───┘┌──────┘└┐│└┐│└┐I└─┐│││I│┌─┐│└─┐└┐└┘│└┐┌──┘└┐┌─┘│││└┐┌┐└──┐┌┐└┘I┌┘┌┘││┌┘└┘└─┐└┘└───┐││└┐┌┘└───┘┌┐│││└┘┌─┘OOO
OOOOO┌┐│└┐OOO┌┐O┌┐┌┘└──┘│││└────┘┌─────┐┌┘└─┘└┐└──┐└┘│└┐│└┐││I┌┘┌┘I┌┘┌┘└────┘└┐┌┘│└┐│││┌─┐││└───┘┌┘I└┘└┐┌┐┌┐└──────┘│└┐│└┐┌────┘└┘└┘┌┐└─┐OOO
OOOOO│││┌┘O┌┐││┌┘└┘┌┐┌─┐│││┌┐┌┐┌┐└────┐││┌┐┌┐I└───┘┌─┘┌┘│┌┘│└┐└┐└─┐└─┘┌─┐┌┐┌──┘└┐└─┘│││└┐│││┌┐┌─┐└─┐┌─┐└┘└┘└───────┐│┌┘└┐└┘┌─┐┌┐┌──┐│└─┐│OOO
OOO┌┐│└┘│O┌┘│││└───┘└┘┌┘└┘││└┘│││┌────┘└┘│└┘└────┐I└─┐└┐│└┐│┌┘I│┌┐└─┐I└┐└┘└┘┌─┐┌┘┌──┘││┌┘└┘└┘└┘┌┘┌─┘└┐└─────┐┌─┐┌──┘└┘┌┐└─┐└┐└┘│└─┐└┘OO└┘OOO
OO┌┘│└─┐└─┘┌┘│└──────┐└┐┌┐│└─┐│││└───────┘┌──┐┌──┘┌─┐│┌┘└─┘│└─┐└┘│┌─┘┌─┘┌──┐│I└┘I└─┐┌┘│└┐┌─┐I┌┐└┐└┐┌─┘┌──┐O┌┘└┐│└─────┘└─┐└┐└─┐│┌┐│┌┐O┌─┐OOO
OO└┐│┌┐└──┐└┐└─┐┌┐┌─┐└─┘││└──┘└┘└─┐┌┐┌┐┌┐┌┘I┌┘└─┐I└┐└┘└──┐┌┘┌┐│┌─┘│┌┐└─┐│┌─┘└──┐┌──┘│I└─┘└┐└─┘└─┘┌┘└┐┌┘┌┐└┐└┐┌┘└─────────┘O└─┐│└┘│└┘│┌┘┌┘O┌┐
OOO│└┘└──┐│┌┘O┌┘│└┘O└───┘└┐┌┐┌───┐└┘└┘└┘││┌┐└┐┌─┘┌┐└─┐┌┐┌┘└┐│││└─┐└┘│I┌┘│└┐┌┐┌─┘└┐┌┐└────┐└┐┌─┐┌─┘┌┐└┘┌┘└─┘O└┘O┌┐O┌────┐┌──┐O└┘┌─┘┌┐│└┐│┌┐││
OOO└─┐┌─┐└┘└─┐│┌┘┌──┐┌──┐O└┘└┘O┌┐└─────┐│└┘│┌┘└──┘│I┌┘││└─┐││││┌─┘┌┐└┐│┌┘┌┘││└─┐I└┘└┐┌───┘┌┘└┐││┌─┘│┌┐└───┐┌──┐││┌┘┌┐┌─┘│┌┐└──┐└─┐│└┘┌┘└┘└┘│
OOOO┌┘│┌┘┌─┐┌┘└┘O└─┐└┘┌┐└──────┘└──────┘└┐┌┘└┐┌──┐│┌┘┌┘└┐┌┘└┘││└┐┌┘└┐││└┐└┐││┌┐└─┐┌┐│└──┐┌┘┌┐│└┘└─┐│││┌┐I┌┘│┌─┘│└┘┌┘└┘┌┐││└───┘┌┐││O┌┘┌┐┌┐┌┘
OOOO└─┘└┐│┌┘└──────┘┌┐│└─┐┌─┐┌──────────┐││I┌┘└┐┌┘│└┐└─┐└┘┌┐I││┌┘│┌─┘││┌┘┌┘│└┘│┌┐││└┘┌─┐│└─┘└┘I┌┐┌┘└┘└┘└─┘O││O┌┘┌┐└───┘└┘└─┐O┌┐││└┘┌┘┌┘└┘└┘O
OOO┌──┐O└┘└─┐┌─┐┌┐┌┐│└┘┌─┘│O└┘┌─────┐┌──┘│└┐└──┘└─┘┌┘┌┐└──┘└┐││└┐││┌┐│││┌┘┌┘┌┐││└┘│┌┐└┐└┘┌┐┌─┐┌┘└┘┌┐┌┐┌────┘└─┘┌┘└┐┌──────┐└─┘│││┌─┘┌┘OOOOOO
OOO└─┐└──┐┌─┘│┌┘│││└┘O┌┘┌┐│┌──┘┌┐┌─┐└┘I┌┐└─┘┌──┐┌┐I└┐││┌┐┌┐┌┘└┘I│││││││││┌┘┌┘└┘└─┐└┘└┐└─┐││└┐│└───┘└┘└┘┌────┐┌─┘O┌┘└─┐O┌┐O└───┘││└┐┌┘OOOOOOO
OOOOO└──┐││┌┐│└─┘││┌──┘┌┘└┘└──┐│└┘O└───┘└┐┌┐│┌─┘│└─┐││││││││┌───┘│││└┘││││I└─┐┌┐┌┘┌─┐└┐┌┘│└─┘└─┐I┌┐┌┐┌┐└───┐│└──┐└──┐└─┘└┐O┌┐O┌┘└─┘└──┐OOOOO
OOOOOO┌─┘└┘││└──┐└┘└───┘┌─────┘│O┌───┐┌─┐└┘│││I┌┘┌┐│││││└┘││└─┐┌─┘│└─┐││││┌──┘││└┐└┐└┐││┌┘┌┐┌─┐└─┘└┘└┘└─┐┌┐│└─┐┌┘┌┐O│┌┐┌┐└─┘└─┘┌──────┘OOOOO
OOOOO┌┘┌──┐│└┐┌─┘┌───┐┌┐└───┐┌─┘┌┘┌┐I└┘I│┌┐└┘└─┘┌┘└┘└┘└┘┌┐└┘┌┐││II└┐┌┘└┘│││┌┐┌┘└┐└─┘┌┘└┘└─┘│└┐└┐┌┐┌┐┌┐┌┐└┘└┘┌┐└┘┌┘└┐└┘└┘└┐┌┐┌─┐└─┐┌┐O┌┐OOOOO
OOOOO└─┘┌─┘└┐│└┐┌┘┌─┐└┘└────┘│┌┐└─┘└──┐┌┘││┌──┐┌┘I┌──┐┌┐│└┐┌┘└┘│III└┘III└┘│││└┐I└┐┌┐└─┐┌───┘┌┘I└┘└┘└┘└┘└──┐┌┘└┐┌┘┌─┘┌┐┌┐O││││O│┌┐└┘└─┘└┐OOOO
OOOOOOOO└┐┌┐│└┐│└─┘O│┌────┐┌─┘│└────┐┌┘└┐│││┌─┘└──┘┌┐└┘└┘┌┘└┐┌┐│IIIIIIIII┌┘││┌┘┌┐││└──┘└────┘┌──┐┌┐┌┐I┌───┘└┐┌┘└┐└──┘└┘└┐└┘││┌┘││┌─┐┌┐┌┘OOOO
OOOOOOOOO││││O└┘┌───┘│┌───┘│┌┐└────┐└┘┌┐└┘└┘└─┐┌─┐┌┘│┌┐┌┐│II└┘└┘IIIIIIIII└─┘└┘┌┘└┘│┌─┐┌┐┌┐┌┐I│┌┐└┘└┘└─┘┌──┐┌┘└──┘┌┐┌─┐┌┐└─┐│││┌┘│└┐││└┘┌┐OOO
OOOOOOOOO└┘└┘O┌─┘┌───┘└┐┌──┘│└────┐└──┘└┐┌┐┌┐┌┘└┐└┘I└┘│││└┐IIIIIIIIIIIIIIIIII┌┘┌─┐│└┐└┘└┘└┘└┐└┘└──┐┌┐┌┐│┌─┘│┌────┘└┘O││└──┘││└┘┌┘┌┘│└──┘│OOO
OOOOOOOOOOO┌──┘┌┐│O┌┐OO└┘┌─┐└────┐└───┐┌┘│││││┌┐└─┐┌─┐└┘│┌┘IIIIIIIIIIIIIIIIII└┐│┌┘└┐│┌┐┌─┐┌┐└┐I┌┐I└┘└┘└┘└──┘└─┐┌──┐┌┐│└┐O┌┐└┘┌┐└┐│┌┘┌─┐┌┘OOO
OOOOOOOOOOO└┐┌┐│└┘┌┘└┐┌─┐└┐└┐O┌┐O└───┐└┘┌┘└┘│└┘└──┘│┌┘I┌┘│IIIIIIIIIIIIIIIIIIII└┘└──┘└┘││┌┘│└┐└┐││┌┐┌┐┌────┐┌─┐└┘┌┐└┘│└─┘┌┘└─┐│└┐│││┌┘O└┘OOOO
OOOOOOOOOOOO└┘└┘┌┐└─┐│└┐│O│┌┘┌┘└┐┌───┘┌┐│┌──┘┌─────┘│┌┐└┐│IIIIIIIIIIIIIIIIIIIII┌┐┌─┐┌┐└┘└┐│I└┐└┘└┘│││└───┐│└┐└──┘└──┘┌┐O│┌──┘│┌┘└┘│└┐OOOOOOO
OOOOOOOOOOO┌┐┌┐┌┘│┌─┘└┐││┌┘└─┘┌┐│└────┘││└───┘┌┐┌┐┌─┘│└┐└┘IIIIIIIIIIIIIIIIIIIII││└┐│││┌──┘└┐I└───┐││└────┘└┐└────────┘└─┘└─┐O│└──┐└─┘OOOOOOO
OOOOOOOOOOO│└┘└┘┌┘└┐┌┐└┘└┘┌┐┌─┘│└──────┘│┌────┘││││┌┐│┌┘I┌┐IIIIIIIIIIIIIIIIIIII│└─┘└┘└┘┌┐┌─┘┌────┘││┌┐┌───┐│┌─┐┌──┐┌───┐┌─┐└─┘┌──┘┌┐┌┐OOOOOO
OOOOOOOOOO┌┘┌──┐└─┐└┘└───┐│└┘┌─┘┌──┐┌───┘└─┐┌┐I└┘└┘│└┘└┐┌┘│IIIIIIIIIIIIIIIIIIII└─┐┌┐┌┐┌┘└┘┌┐└─┐┌─┐│└┘└┘┌──┘└┘O│└─┐│└──┐└┘┌┘┌─┐│┌┐O││││OOOOOO
OOOOOOOOOO└─┘┌─┘┌┐└──────┘└┐O└──┘┌─┘│┌──┐┌┐└┘└┐┌┐┌─┘┌─┐└┘┌┘IIIIIIIIIIIIIIIIIII┌──┘││││└─┐┌┘└┐┌┘│┌┘└──┐I└───┐┌┐└──┘└┐┌┐└─┐│┌┘O│└┘│O│││└─┐OOOO
OOOOOOOOOOO┌─┘┌┐││┌┐┌──────┘┌─┐┌┐└──┘└─┐││└───┘│││┌┐│I│┌┐└┐IIIIIIIIIIIIIIIIIII└───┘│││┌─┘└┐┌┘└─┘│┌─┐┌┘┌────┘││┌┐O┌┐│││┌─┘│└─┐│┌┐└─┘└┘┌┐│OOOO
OOOOOOOOOOO└┐┌┘└┘└┘└┘┌──┐O┌┐└┐│││┌──┐┌─┘└┘I┌┐┌┐│└┘││└┐└┘└─┘IIIIIIIIIIIIIIIIIII┌────┘│└┘I┌─┘└────┘│┌┘└┐└──┐┌─┘││└─┘││││└┐O└──┘└┘└─┐┌┐┌┘└┘OOOO
OOOOOOOOOOO┌┘│┌─────┐└─┐└─┘└─┘└┘│└─┐│└──┐┌┐│└┘││┌─┘└─┘┌───┐IIIIIIIIIIIIIIIIIII│┌─┐┌┐│┌─┐└──────┐┌┘│┌┐└┐┌┐││┌─┘│┌──┘││└┐└─┐┌┐┌───┐││└┘OOOOOOO
OOOOOOOOOOO└─┘└──┐┌┐└┐┌┘┌─┐┌┐┌─┐└──┘└┐┌─┘│││┌┐└┘└──┐┌┐└┐┌─┘IIIIIIIIIIIIIIIIIII└┘I└┘││└┐│┌┐┌┐┌──┘└┐││└┐└┘└┘│└┐┌┘└──┐│└┐│┌┐││└┘┌┐┌┘└┘OOOOOOOOO
OOOOOOOOOOOOO┌───┘│└┐└┘┌┘O│││└┐└┐┌──┐│└──┘└┘││┌┐┌─┐└┘└─┘└─┐IIIIIIIIIIIIIIIIIIIIIIII└┘┌┘└┘└┘└┘┌─┐┌┘│└┐└┐┌─┐│┌┘│┌───┘└─┘└┘└┘│┌─┘└┘OOOOOOOOOOOO
OOOOOOOOOOOOO└─┐┌┐│O└─┐└┐┌┘│└─┘O└┘O┌┘└──────┘└┘│└┐└┐┌──┐┌─┘IIIIIIIIIIIIII┌┐IIIIIIII┌─┘┌───┐┌┐│I└┘I└─┘I└┘I└┘└─┘└─┐┌┐┌┐┌┐┌┐┌┘└─┐┌┐O┌┐OOOOOOOOO
OOOOOOOOOOOOOOO└┘└┘┌┐┌┘┌┘└─┘O┌┐┌┐┌┐└──────────┐└┐└┐││┌┐│└─┐IIIIIIIIIIIIII││IIIIII┌┐└─┐│┌──┘││└┐┌──┐┌┐┌──────┐┌┐┌┘│└┘└┘│││└┐┌─┘││O││┌──┐OOOOO
OOOOOOOOOOOOOO┌┐┌─┐││└─┘┌┐O┌─┘└┘└┘└─┐┌────────┘I└─┘└┘││└──┘IIIIIIIIIIIII┌┘└┐III┌─┘└─┐└┘└─┐┌┘│┌┘└─┐│││└─┐┌──┐└┘└┘O│┌───┘│└─┘└─┐│└┐│└┘┌┐│OOOOO
OOOOOOOOOOOO┌─┘│└┐└┘└───┘└─┘┌┐┌┐┌┐┌┐│└────┐┌───┐┌────┘│┌┐IIIII┌─┐II┌┐II┌┘┌┐│III└───┐│┌┐┌┐└┘I└┘┌──┘└┘└─┐└┘┌─┘O┌┐┌┐││┌┐O┌┘┌┐┌┐┌┘│┌┘└┐┌┘└┘OOOOO
OOOOOOOOOOOO│┌┐└─┘┌───┐┌────┘└┘││└┘││┌────┘│┌──┘│┌┐┌┐┌┘│└──┐II└┐│II││I┌┘┌┘││II┌┐┌──┘└┘└┘└┐┌─┐┌┘┌┐┌───┐└──┘┌──┘└┘└┘└┘└─┘┌┘│││└─┘└──┘└──┐OOOOO
OOOOOOOOOOOO└┘│┌─┐│┌─┐└┘┌┐O┌───┘│┌─┘└┘┌┐┌┐┌┘└───┘│└┘│└─┘┌┐┌┘II┌┘└┐┌┘└─┘┌┘I││II│└┘┌┐┌┐┌┐┌┐└┘┌┘└─┘└┘┌┐I└────┘┌─┐┌──┐┌┐┌──┘O│││┌┐┌─┐┌┐┌┐┌┘OOOOO
OOOOOOOOOOOOOO└┘O└┘└┐└──┘└─┘┌─┐┌┘└────┘└┘└┘┌┐┌┐┌┐└─┐│┌──┘└┘III└─┐└┘┌──┐└─┐└┘┌┐└──┘└┘└┘└┘└─┐└┐┌─┐I┌┘└┐┌┐┌┐┌─┘┌┘└─┐│││└───┐└┘││││O└┘││└┘OOOOOO
OOOOOOOOOOOOO┌─────┐└───┐┌─┐│┌┘│┌────┐┌────┘└┘└┘└──┘└┘I┌─┐I┌┐III└──┘I┌┘┌┐└─┐││┌┐┌──┐┌─────┘┌┘└┐│┌┘┌┐└┘││└┘┌┐└───┘││└─┐┌┐└┐O└┘│└─┐O└┘OOOOOOOO
OOOOOOOOOOOOO└──┐┌┐│┌───┘└┐││└─┘└───┐│└────┐┌┐┌┐I┌┐I┌──┘┌┘┌┘│II┌─┐┌─┐└┐│└──┘│└┘└┘┌┐│└─┐┌──┐└──┘└┘┌┘│┌┐└┘┌─┘└────┐│└─┐└┘└─┘┌─┐└┐┌┘┌┐OOOOOOOOO
OOOOOOOOOOOOOOO┌┘││└┘┌┐┌┐┌┘││┌──────┘└────┐└┘└┘└─┘└─┘┌┐┌┘I│┌┘II└┐└┘┌┘┌┘└───┐└───┐│└┘I┌┘│┌─┘┌─┐┌─┐└┐└┘└┐┌┘┌─────┐│└┐┌┘┌─┐┌┐│┌┘┌┘└─┘└──┐OOOOOO
OOOOOOOOOOOOOOO└─┘└─┐│││││O└┘└───────────┐└┐┌─┐┌┐┌───┘└┘┌─┘└─┐┌┐└─┐└─┘┌────┘┌───┘│┌┐┌┘┌┘│┌┐│I└┘I└┐│┌─┐└┘┌┘┌──┐O└┘O└┘O│┌┘│││└┐│┌─┐┌┐┌┐│OOOOOO
OOOOOOOOOOOOO┌┐OO┌──┘│││└┘┌┐O┌─────────┐┌┘I│└┐└┘└┘I┌───┐└──┐┌┘││┌┐└──┐│┌┐I┌┐└───┐│││└┐│I└┘││┌─┐┌┐└┘└┐│┌┐└─┘┌┐└┐O┌┐O┌─┘└─┘└┘┌┘││┌┘│└┘└┘OOOOOO
OOOOOOOOOOOOO││O┌┘┌─┐│││┌─┘└┐└────────┐└┘┌┐└─┘┌┐I┌┐│┌──┘┌┐┌┘└┐││││I┌┐│││└─┘└─┐I┌┘└┘│I└┘┌┐┌┘│└┐└┘│I┌─┘└┘└───┘└┐└─┘└─┘┌┐┌┐┌─┐└┐└┘└┐└┐OOOOOOOOO
OOOOOOOOOOOOO│└─┘┌┘O└┘└┘└──┐│┌┐┌┐┌┐┌─┐└──┘│I┌┐││┌┘└┘└┐┌┐││└┐┌┘│││└┐│└┘││┌────┘┌┘┌─┐│┌──┘│└─┘I└┐┌┘┌┘┌───┐┌───┐│┌──┐┌─┘││└┘O│┌┘OOO└─┘OOOOOOOOO
OOOOOOOOOOOOO└─┐┌┘┌─┐┌┐┌──┐│└┘└┘└┘└┘I└─┐┌┐└─┘││└┘┌┐┌┐│││││┌┘│┌┘││┌┘└─┐└┘│I┌──┐└─┘┌┘│└─┐┌┘┌┐I┌─┘└┐└─┘┌──┘│┌┐┌┘└┘┌┐│└─┐└┘┌─┐││OOOOOOOOOOOOOOOO
OOOOOOOOOOOOOOO││O└┐│││└─┐│└┐┌┐┌──────┐│││┌─┐└┘┌─┘└┘└┘││││└┐│└┐└┘└┐┌─┘┌─┘┌┘┌┐└┐┌┐└┐└┐┌┘│┌┘└┐└──┐└───┘┌┐┌┘│└┘┌┐O││└──┘O┌┘┌┘└┘OOOOOOOOOOOOOOOO
OOOOOOOOOOOOOO┌┘│┌─┘└┘└┐┌┘└┐││└┘O┌────┘└┘│└┐│┌┐└────┐┌┘│││I││I└┐┌─┘└─┐└┐┌┘┌┘└─┘││┌┘┌┘└┐││┌─┘┌┐┌┘┌┐┌┐┌┘└┘I└──┘│┌┘└─────┘┌┘┌┐OOOOOOOOOOOOOOOOO
OOOOOOOOOOOOOO│┌┘└────┐│└─┐│││┌──┘┌┐┌┐┌┐I└─┘└┘│┌──┐┌┘└┐│││┌┘└┐┌┘└┐┌┐I└┐││┌┘I┌─┐│││┌┘┌┐││││┌─┘└┘┌┘└┘││┌┐II┌───┘└┐┌───┐┌─┘┌┘│┌─┐OOOOOOOOOOOOOO
OOOOOOOOOOOOOO└┘OO┌──┐│└──┘│└┘└───┘└┘└┘│┌┐┌──┐│└─┐└┘┌─┘└┘│└─┐│└─┐│││┌─┘││└─┐│┌┘│└┘└┐│└┘│││└┐┌─┐│┌──┘││└┐┌┘┌┐┌┐O│└─┐O└┘┌┐└┐└┘┌┘┌┐OOOOOOOOOOOO
OOOOOOOOOOOOOOO┌┐O└─┐└┘┌──┐└──┐┌───────┘│└┘┌─┘└┐┌┘┌┐└───┐└─┐││┌─┘│││└─┐││┌─┘│└┐└──┐│└┐┌┘││I└┘I└┘│┌──┘└┐│└─┘└┘└─┘┌┐└┐┌─┘└─┘┌┐└─┘│O┌┐OOOOOOOOO
OOOOOOOOOOOOOOO│└──┐└──┘┌┐└──┐└┘┌────┐┌─┘┌┐└─┐I└┘┌┘│┌┐I┌┘┌─┘││└─┐││└┐┌┘└┘│┌┐│┌┘┌─┐│└┐││┌┘└┐I┌┐┌┐└┘┌┐I┌┘└────┐┌┐┌┘└┐└┘┌┐┌──┘└───┘O││OOOOOOOOO
OOOOOOOOOOOOOOO└──┐└┐┌──┘└───┘┌┐│┌──┐└┘┌─┘│┌┐└──┐└┐│││┌┘┌┘I┌┘└─┐│└┘┌┘└─┐┌┘││││I└┐│└┐│││└┐┌┘┌┘││└┐┌┘│┌┘┌┐┌┐┌┐└┘└┘┌┐└──┘└┘O┌┐┌┐┌──┐││┌─┐OOOOOO
OOOOOOOOOOOOOOO┌┐O└┐│└──────┐┌┘││└─┐│┌┐└─┐└┘│┌──┘I││││└┐│┌┐└─┐┌┘│┌─┘┌┐┌┘└┐│││└┐┌┘└┐││││┌┘│I└┐└┘┌┘└┐└┘┌┘└┘└┘│┌┐┌─┘└┐┌┐┌┐┌─┘││└┘┌─┘│││┌┘OOOOOO
OOOOOOOOOO┌┐┌┐┌┘└──┘└─┐┌┐┌──┘│┌┘│┌─┘└┘└──┘┌┐│└┐┌─┐││││┌┘│││┌─┘└┐│└─┐││└┐┌┘│││┌┘└┐┌┘││││└┐└─┐└┐┌┘II└─┐│┌────┘│││┌──┘│││└┘┌─┘│┌─┘┌┐│││└──┐OOOO
OOOOOOOOOO│││└┘┌┐┌┐┌─┐│││└───┘└─┘└────┐┌─┐││└─┘└┐└┘│││└┐│││└─┐┌┘│┌─┘││┌┘└┐│││└┐┌┘└┐│││└─┘┌─┘┌┘└─┐I┌┐└┘└┐┌───┘└┘└───┘└┘┌─┘┌┐││┌┐│└┘└┘┌──┘OOOO
OOOOOOOOO┌┘└┘┌┐│└┘└┘O│││└┐┌┐┌─────┐┌──┘│┌┘│└┐I┌┐└─┐│││┌┘││└┐┌┘└─┘└┐I││└┐┌┘│││┌┘└┐┌┘││└──┐└┐┌┘┌──┘┌┘└┐┌┐└┘┌┐┌─┐┌───────┘O┌┘└┘└┘└┘┌──┐└──┐OOOO
OOOOOOOOO└─┐┌┘││┌────┘││┌┘││└────┐└┘┌┐┌┘└┐└┐│┌┘└─┐││││└┐││┌┘└──┐┌─┘┌┘└┐││┌┘└┘└┐┌┘└┐││┌┐I└┐└┘┌┘I┌┐└┐┌┘│└─┐│└┘┌┘└─────────┘┌─┐┌┐┌┐└─┐└───┘OOOO
OOOOOOOOOOO└┘O└┘└────┐└┘└─┘│┌┐┌┐O└─┐││└┐┌┘I││└┐┌┐└┘│││I│││└─┐┌─┘│┌┐└─┐│││└─┐┌─┘└─┐││││└──┘┌─┘┌┐││┌┘└┐│┌┐└┘┌┐└───┐┌─┐┌┐┌┐┌┘O│││││┌┐└──┐OOOOOO
OOOOOOOOOOOOOO┌──────┘┌─┐┌┐│││││┌┐O└┘└┐││┌┐│└┐└┘└─┐││└┐││└┐┌┘└─┐└┘│┌┐│└┘└┐┌┘└──┐┌┘└┘│└──┐┌┘┌─┘││└┘┌─┘││└──┘└──┐O└┘O└┘│││└┐┌┘│└┘└┘└┐┌─┘OOOOOO
OOOOOOOOOOOOOO│┌───┐┌┐│┌┘││└┘└┘└┘└────┘││││└┐└┐┌─┐││└┐││└─┘└┐I┌┘┌─┘│└┘┌──┘└─┐┌─┘└──┐│I┌─┘└┐└─┐│└┐┌┘┌┐└┘┌───┐┌─┘┌┐┌┐┌┐└┘│┌┘└┐└──┐O┌┘│OOOOOOOO
OOOOOOOOOOOOOO└┘┌┐┌┘│││└─┘└┐┌┐┌┐┌───┐┌┐││││┌┘┌┘└┐││└┐│└┘┌┐┌─┘┌┘┌┘┌┐└─┐└─┐┌─┐││┌┐┌┐┌┘└┐└──┐└┐┌┘│┌┘│┌┘│┌─┘┌─┐│└──┘└┘└┘└─┐└┘OO└┐┌─┘O│┌┘OOOOOOOO
OOOOOOOOOOOO┌─┐O││└┐││└┐┌──┘│││└┘O┌─┘│││││││┌┘┌┐││└┐│└─┐│└┘┌┐└┐│I││┌┐└─┐│└┐│││││││└┐┌┘┌┐I└┐││┌┘│┌┘│┌┘└──┘┌┘│┌──┐┌──┐┌┐└─┐OO┌┘│┌┐O││OOOOOOOOO
OOOOOOOOOOO┌┘┌┘┌┘│┌┘│└┐│└┐┌─┘└┘┌─┐└┐┌┘└┘└┘││└┐││││┌┘│┌─┘│┌┐│└┐││┌┘└┘│┌┐│└┐│││││││└┐│└┐││┌┐││││┌┘└┐│└┐┌┐┌┐│┌┘└┐O│└─┐└┘│┌─┘OO└┐││└┐││OOOOOOOOO
OOOOOOOOO┌┐└┐│O└┐│└─┘O└┘┌┘│┌─┐O│┌┘┌┘└──┐┌─┘│O│││││└┐│└─┐└┘└┘┌┘│││O┌─┘│└┘O└┘│││││└┐││O││││││││││┌─┘│┌┘│││└┘└─┐└┐│┌┐└─┐└┘┌┐OO┌┘└┘┌┘└┘OOOOOOOOO
OOOOOO┌┐O││O││┌─┘│┌──┐┌┐└─┘└┐└─┘└─┘┌┐┌─┘│┌─┘┌┘│└┘└┐│└┐┌┘┌───┘┌┘│└┐└─┐└────┐││└┘│┌┘││┌┘│││└┘││└┘│┌┐││┌┘│└───┐│┌┘││└──┘┌─┘└┐┌┘┌──┘OOOOOOOOOOOO
OOOOOO│└─┘└┐││└─┐│└─┐└┘│┌┐OO└──┐┌┐┌┘│└┐┌┘│┌─┘┌┘┌┐O││O│└┐│┌┐┌─┘O└┐│┌┐│┌┐┌┐┌┘│└┐┌┘└┐││└┐││└─┐└┘O┌┘││││└┐└┐┌──┘│└┐│└────┘┌─┐│└┐└──┐OOOOOOOOOOOO
OOOOOO└─┐┌┐└┘└──┘└──┘┌┐└┘└┐┌┐┌┐└┘│└┐│┌┘│┌┘└─┐└─┘│┌┘└┐│┌┘│││└───┐│││└┘│││││O└┐│└┐┌┘││┌┘││┌─┘O┌─┘┌┘│││┌┘┌┘└──┐└─┘│┌────┐└┐└┘O│┌──┘OOOOOOOOOOOO
OOOOOOO┌┘││┌─┐┌─┐┌──┐│└─┐┌┘│└┘└──┘┌┘│└┐││┌──┘┌┐┌┘│┌┐│└┘O└┘└┐┌─┐│└┘│┌┐││││└─┐└┘O│└┐││└─┘│└┐┌─┘┌┐└┐└┘│└┐│┌─┐┌┘┌┐O│└───┐└─┘OOO│└─┐OOOOOOOOOOOOO
OOOOOOO└┐│└┘┌┘└┐││┌─┘│┌─┘└─┘┌─┐┌┐┌┘O└─┘└┘└─┐┌┘││O│││└───┐┌┐││O└┘┌─┘│││││└┐┌┘O┌─┘┌┘└┘┌──┘┌┘└─┐││┌┘O┌┘┌┘││┌┘│┌┘└┐│┌┐┌┐└────┐O└┐┌┘OOOOOOOOOOOOO
OOOOOOOO└┘OO└┐┌┘└┘└─┐│└─┐┌┐┌┘┌┘││└─┐┌───┐┌┐│└┐││┌┘│└┐┌──┘│└┘└──┐└──┘││└┘O││┌┐└─┐└──┐└─┐┌┘O┌─┘│││┌─┘┌┘┌┘│└┐└┘┌┐││││││┌────┘OO└┘OOOOOOOOOOOOOO
OOOOOOOOOOOO┌┘└┐O┌──┘└┐┌┘│││O└┐││┌─┘└──┐└┘└┘┌┘│││┌┘┌┘│┌┐O│┌─┐┌─┘┌───┘└──┐│││└──┘┌─┐│┌─┘│┌┐│┌┐│││└─┐└┐└┐│O└┐┌┘└┘│││││└───┐OOOOOOOOOOOOOOOOOOO
OOOOOOOOOOOO│┌─┘┌┘┌──┐││┌┘││┌─┘│││O┌┐┌┐└──┐┌┘O└┘│└┐└┐└┘│┌┘│┌┘└─┐└─┐┌┐┌┐┌┘││└───┐└┐││└─┐└┘│└┘└┘└┘┌┐│┌┘┌┘└┐O│└──┐└┘││└──┐┌┘OOOOOOOOOOOOOOOOOOO
OOOOOOOOOO┌─┘│┌─┘┌┘O┌┘│││┌┘││┌┐│││┌┘└┘└───┘└──┐┌┘┌┘┌┘┌┐│└┐││┌─┐└─┐││││└┘O└┘┌┐┌─┘┌┘│└─┐│┌┐└┐┌──┐┌┘└┘└┐│┌┐└┐│┌──┘┌─┘└──┐││OOOOOOOOOOOOOOOOOOOO
OOOOOOOOOO└─┐│└──┘┌┐└─┘└┘└┐│││││││└───┐┌┐┌┐┌──┘└┐│O└┐│││┌┘│││┌┘┌┐│└┘│└─┐┌┐┌┘└┘┌┐└┐└─┐││││┌┘└─┐└┘┌─┐┌┘││└┐││└─┐O│┌┐┌─┐│└┘OOOOOOOOOOOOOOOOOOOO
OOOOOOOOOOOO││┌┐┌┐│└──────┘│││││││┌───┘│└┘│└─┐┌─┘└┐O└┘└┘└┐│└┘└┐│││┌─┘┌┐│││└─┐┌┘└┐└─┐││└┘│└─┐┌┘┌─┘┌┘└┐│└┐│││┌┐└┐└┘││O└┘OOOOOOOOOOOOOOOOOOOOOO
OOOOOOOOOOOO└┘│└┘└┘┌┐┌─┐┌─┐│││││└┘└───┐│┌─┘┌─┘└─┐┌┘┌┐┌──┐└┘┌┐┌┘││││┌─┘└┘│└──┘└┐O│┌─┘└┘┌─┘┌┐│└┐│┌─┘┌─┘│┌┘││││└┐└─┐│└┐OOOOOOOOOOOOOOOOOOOOOOOO
OOOOOOOOOOOOOO└─┐┌┐│││┌┘│┌┘│││││┌─────┘││┌┐└──┐┌┘└─┘└┘┌┐│O┌┘└┘┌┘└┘││O┌─┐└─┐┌─┐└┐└┘O┌┐O└─┐││└┐└┘└─┐└─┐│└┐│││└┐└┐┌┘│┌┘OOOOOOOOOOOOOOOOOOOOOOOO
OOOOOOOOOOOOOOOO││││└┘└┐│└─┘└┘│││┌────┐││││┌──┘│┌┐┌┐┌─┘└┘┌┘┌─┐└┐O┌┘└─┘┌┘┌─┘└┐└┐└───┘└┐┌┐└┘└┐│┌───┘┌┐││┌┘││└┐└┐│└┐└┘OOOOOOOOOOOOOOOOOOOOOOOOO
OOOOOOOOOOOOOOOO││││O┌┐│└─┐┌┐O││││┌───┘││││└─┐O│││││└─┐O┌┘┌┘┌┘┌┘┌┘┌┐┌┐│┌┘┌┐┌┘┌┘┌┐┌┐┌┐└┘└──┐└┘└┐┌┐┌┘│││└┐│└┐└┐│└┐└──┐OOOOOOOOOOOOOOOOOOOOOOOO
OOOOOOOOOOOOOOOO└┘│└┐│└┘┌─┘│└─┘│└┘└───┐│└┘│┌┐└┐└┘│││┌─┘┌┘┌┘O└┐└┐└┐│└┘││└┐││└┐└┐│││││└──┐┌─┘┌──┘│││┌┘││┌┘└┐│┌┘└┐│┌─┐└┐OOOOOOOOOOOOOOOOOOOOOOO
OOOOOOOOOOOOOOOOO┌┘┌┘└─┐└─┐└┐┌┐└┐┌────┘│O┌┘│└┐│┌┐└┘│└─┐│┌┘O┌┐└┐└┐│└─┐│└┐│││┌┘O││└┘│└──┐│└┐O└──┐│││└─┘│└─┐││└┐┌┘└┘O│┌┘OOOOOOOOOOOOOOOOOOOOOOO
OOOOOOOOOOOOOOO┌─┘┌┘┌──┘┌┐│O│││┌┘└─────┘┌┘┌┘O│└┘└─┐│┌─┘└┘┌┐││O│┌┘└─┐││┌┘│││└─┐││┌─┘┌┐┌┘└┐│┌───┘││└──┐│┌─┘└┘O│└─┐OO││OOOOOOOOOOOOOOOOOOOOOOOO
OOOOOOOOOOOOOOO│┌┐│O└┐┌┐│││┌┘│└┘O┌──────┘┌┘┌─┘┌┐┌┐│││┌──┐││││┌┘└──┐││││O└┘│┌─┘└┘└┐┌┘│└┐O└┘│┌─┐┌┘│┌─┐││└┐O┌──┘┌─┘OO└┘OOOOOOOOOOOOOOOOOOOOOOOO
OOOOOOOOOOOOOOO└┘└┘┌─┘│└┘│││┌┘O┌─┘┌┐┌──┐┌┘┌┘┌┐│└┘└┘└┘│┌┐└┘└┘└┘┌──┐│││└┘┌┐O│└───┐┌┘└┐└┐└──┐││┌┘│┌┘└┐│││┌┘┌┘┌─┐└──┐OOOOOOOOOOOOOOOOOOOOOOOOOOO
OOOOOOOOOOOOOOOOOOO└┐┌┘OO└┘││OO└─┐│└┘┌─┘└┐│┌┘│└────┐O└┘└┐┌┐┌─┐└─┐││││┌┐│└─┘┌┐┌─┘│┌─┘┌┘┌┐┌┘││└┐│└─┐│└┘││O│┌┘O│┌┐┌┘OOOOOOOOOOOOOOOOOOOOOOOOOOO
OOOOOOOOOOOOOOOOOOOO└┘OOOOO││OOOO└┘O┌┘┌┐┌┘└┘┌┘┌┐┌──┘┌───┘│││┌┘┌─┘│││││└┘┌┐┌┘└┘┌┐└┘OO│┌┘││┌┘│┌┘│O┌┘└─┐└┘O││OO││└┘OOOOOOOOOOOOOOOOOOOOOOOOOOOO
OOOOOOOOOOOOOOOOOOOOOOOOOOO└┘OOOOO┌┐└─┘││┌┐O└┐│└┘┌─┐└────┘││└┐└┐O└┘└┘└┐┌┘││┌──┘└──┐O│└┐││└┐│└┐└┐│┌┐┌┘OOO└┘OO└┘OOOOOOOOOOOOOOOOOOOOOOOOOOOOOO
OOOOOOOOOOOOOOOOOOOOOOOOOOOOOOOOOO││┌──┘└┘└─┐││┌┐└┐└──────┘└┐└┐└─┐┌───┘└┐│││┌─┐┌─┐└┐│┌┘││O└┘O│┌┘└┘│└─┐OOOOOOOOOOOOOOOOOOOOOOOOOOOOOOOOOOOOOO
OOOOOOOOOOOOOOOOOOOOOOOOOOOOOOOOO┌┘└┘┌─┐┌┐┌┐││└┘└┐└─┐┌─┐┌┐┌┐└┐│┌─┘└──┐┌┐││└┘└┐│└┐└─┘└┘O└┘OO┌┐│└─┐O│┌┐│OOOOOOOOOOOOOOOOOOOOOOOOOOOOOOOOOOOOOO
OOOOOOOOOOOOOOOOOOOOOOOOOOOOOOOOO└───┘┌┘│└┘│││┌┐┌┘┌─┘└┐└┘│││┌┘│└─┐┌┐┌┘│││└┐┌─┘└─┘OOOOOOOOO┌┘└┘┌┐│O└┘└┘OOOOOOOOOOOOOOOOOOOOOOOOOOOOOOOOOOOOOO
OOOOOOOOOOOOOOOOOOOOOOOOOOOOOOOO┌────┐└┐└┐┌┘│└┘││O└┐┌┐│┌─┘│││┌┘┌┐││└┘┌┘└┘O│└───┐OOOOOOOOOO└──┐│└┘OOOOOOOOOOOOOOOOOOOOOOOOOOOOOOOOOOOOOOOOOOO
OOOOOOOOOOOOOOOOOOOOOOOOOOOOOOOO└─┐┌┐└┐│┌┘└┐│┌─┘└┐┌┘│││└┐┌┘└┘└┐│└┘└┐┌┘OO┌─┘┌──┐└─┐OOOOOOOOOOO│└┐OOOOOOOOOOOOOOOOOOOOOOOOOOOOOOOOOOOOOOOOOOOO
OOOOOOOOOOOOOOOOOOOOOOOOOOOOOOOOOO└┘└┐└┘└┐O└┘└─┐┌┘└─┘│└┐││OO┌─┘└─┐┌┘│┌──┘┌┐└┐O└┐┌┘OOOOOOOOOOO└─┘OOOOOOOOOOOOOOOOOOOOOOOOOOOOOOOOOOOOOOOOOOOO
OOOOOOOOOOOOOOOOOOOOOOOOOOOOOOOO┌────┘┌─┐└─┐┌┐O└┘OOOO└┐│└┘O┌┘┌┐┌─┘└─┘│┌┐┌┘└┐│OO└┘OOOOOOOOOOOOOOOOOOOOOOOOOOOOOOOOOOOOOOOOOOOOOOOOOOOOOOOOOOO
OOOOOOOOOOOOOOOOOOOOOOOOOOOOOOOO└───┐┌┘┌┘┌┐└┘│OOOOOOOO└┘OOO└─┘││OOOOO└┘│└┐┌┘└┐OOOOOOOOOOOOOOOOOOOOOOOOOOOOOOOOOOOOOOOOOOOOOOOOOOOOOOOOOOOOOO
OOOOOOOOOOOOOOOOOOOOOOOOOOOOOOOOOOOO│└┐│┌┘└┐┌┘OOOOOOOOOOOOOOOO│└┐OOOOOO└┐│└┐┌┘OOOOOOOOOOOOOOOOOOOOOOOOOOOOOOOOOOOOOOOOOOOOOOOOOOOOOOOOOOOOOO
OOOOOOOOOOOOOOOOOOOOOOOOOOOOOOOOOOOO└─┘└┘OO└┘OOOOOOOOOOOOOOOOO└─┘OOOOOOO└┘O└┘OOOOOOOOOOOOOOOOOOOOOOOOOOOOOOOOOOOOOOOOOOOOOOOOOOOOOOOOOOOOOOO
501
